d:\msvsprojects\qt58\datainterceptor\datainterceptor\debug\vc120.pdb
d:\msvsprojects\qt58\datainterceptor\datainterceptor\debug\сinterceptoradapter.obj
d:\msvsprojects\qt58\datainterceptor\datainterceptor\debug\сinterceptor.obj
d:\msvsprojects\qt58\datainterceptor\datainterceptor\debug\main.obj
d:\msvsprojects\qt58\datainterceptor\datainterceptor\debug\moc_datainterceptor.obj
d:\msvsprojects\qt58\datainterceptor\datainterceptor\debug\datainterceptor.obj
d:\msvsprojects\qt58\datainterceptor\datainterceptor\debug\ctransmitter.obj
d:\msvsprojects\qt58\datainterceptor\datainterceptor\debug\cparam.obj
d:\msvsprojects\qt58\datainterceptor\datainterceptor\debug\cdata.obj
d:\msvsprojects\qt58\datainterceptor\datainterceptor\debug\qrc_datainterceptor.obj
d:\msvsprojects\qt58\datainterceptor\datainterceptor\generatedfiles\ui_datainterceptor.h
d:\msvsprojects\qt58\datainterceptor\datainterceptor\generatedfiles\debug\moc_datainterceptor.cpp
d:\msvsprojects\qt58\datainterceptor\datainterceptor\generatedfiles\qrc_datainterceptor.cpp
d:\msvsprojects\qt58\datainterceptor\win32\debug\datainterceptor.ilk
d:\msvsprojects\qt58\datainterceptor\win32\debug\datainterceptor.exe
d:\msvsprojects\qt58\datainterceptor\win32\debug\datainterceptor.pdb
d:\msvsprojects\qt58\datainterceptor\datainterceptor\debug\datainterceptor.tlog\cl.command.1.tlog
d:\msvsprojects\qt58\datainterceptor\datainterceptor\debug\datainterceptor.tlog\cl.read.1.tlog
d:\msvsprojects\qt58\datainterceptor\datainterceptor\debug\datainterceptor.tlog\cl.write.1.tlog
d:\msvsprojects\qt58\datainterceptor\datainterceptor\debug\datainterceptor.tlog\custombuild.command.1.tlog
d:\msvsprojects\qt58\datainterceptor\datainterceptor\debug\datainterceptor.tlog\custombuild.read.1.tlog
d:\msvsprojects\qt58\datainterceptor\datainterceptor\debug\datainterceptor.tlog\custombuild.write.1.tlog
d:\msvsprojects\qt58\datainterceptor\datainterceptor\debug\datainterceptor.tlog\link.command.1.tlog
d:\msvsprojects\qt58\datainterceptor\datainterceptor\debug\datainterceptor.tlog\link.read.1.tlog
d:\msvsprojects\qt58\datainterceptor\datainterceptor\debug\datainterceptor.tlog\link.write.1.tlog
